ARM GAS  C:\Users\gvela\AppData\Local\Temp\ccQ1LyA5.s 			page 1


   1              		.cpu cortex-m4
   2              		.arch armv7e-m
   3              		.fpu fpv4-sp-d16
   4              		.eabi_attribute 27, 1
   5              		.eabi_attribute 28, 1
   6              		.eabi_attribute 20, 1
   7              		.eabi_attribute 21, 1
   8              		.eabi_attribute 23, 3
   9              		.eabi_attribute 24, 1
  10              		.eabi_attribute 25, 1
  11              		.eabi_attribute 26, 1
  12              		.eabi_attribute 30, 1
  13              		.eabi_attribute 34, 1
  14              		.eabi_attribute 18, 4
  15              		.file	"main.c"
  16              		.text
  17              	.Ltext0:
  18              		.cfi_sections	.debug_frame
  19              		.section	.text.MX_GPIO_Init,"ax",%progbits
  20              		.align	1
  21              		.syntax unified
  22              		.thumb
  23              		.thumb_func
  25              	MX_GPIO_Init:
  26              	.LFB132:
  27              		.file 1 "Core/Src/main.c"
   1:Core/Src/main.c **** /* USER CODE BEGIN Header */
   2:Core/Src/main.c **** /**
   3:Core/Src/main.c ****   ******************************************************************************
   4:Core/Src/main.c ****   * @file           : main.c
   5:Core/Src/main.c ****   * @brief          : Main program body
   6:Core/Src/main.c ****   ******************************************************************************
   7:Core/Src/main.c ****   * @attention
   8:Core/Src/main.c ****   *
   9:Core/Src/main.c ****   * Copyright (c) 2022 STMicroelectronics.
  10:Core/Src/main.c ****   * All rights reserved.
  11:Core/Src/main.c ****   *
  12:Core/Src/main.c ****   * This software is licensed under terms that can be found in the LICENSE file
  13:Core/Src/main.c ****   * in the root directory of this software component.
  14:Core/Src/main.c ****   * If no LICENSE file comes with this software, it is provided AS-IS.
  15:Core/Src/main.c ****   *
  16:Core/Src/main.c ****   ******************************************************************************
  17:Core/Src/main.c ****   */
  18:Core/Src/main.c **** /* USER CODE END Header */
  19:Core/Src/main.c **** /* Includes ------------------------------------------------------------------*/
  20:Core/Src/main.c **** #include "main.h"
  21:Core/Src/main.c **** 
  22:Core/Src/main.c **** /* Private includes ----------------------------------------------------------*/
  23:Core/Src/main.c **** /* USER CODE BEGIN Includes */
  24:Core/Src/main.c **** #include "string.h"
  25:Core/Src/main.c **** #include "uart.h"
  26:Core/Src/main.c **** 
  27:Core/Src/main.c **** /* USER CODE END Includes */
  28:Core/Src/main.c **** 
  29:Core/Src/main.c **** /* Private typedef -----------------------------------------------------------*/
  30:Core/Src/main.c **** /* USER CODE BEGIN PTD */
  31:Core/Src/main.c **** 
ARM GAS  C:\Users\gvela\AppData\Local\Temp\ccQ1LyA5.s 			page 2


  32:Core/Src/main.c **** /* USER CODE END PTD */
  33:Core/Src/main.c **** 
  34:Core/Src/main.c **** /* Private define ------------------------------------------------------------*/
  35:Core/Src/main.c **** /* USER CODE BEGIN PD */
  36:Core/Src/main.c **** /* USER CODE END PD */
  37:Core/Src/main.c **** 
  38:Core/Src/main.c **** /* Private macro -------------------------------------------------------------*/
  39:Core/Src/main.c **** /* USER CODE BEGIN PM */
  40:Core/Src/main.c **** 
  41:Core/Src/main.c **** /* USER CODE END PM */
  42:Core/Src/main.c **** 
  43:Core/Src/main.c **** /* Private variables ---------------------------------------------------------*/
  44:Core/Src/main.c **** 
  45:Core/Src/main.c **** 
  46:Core/Src/main.c **** 
  47:Core/Src/main.c **** 
  48:Core/Src/main.c **** 
  49:Core/Src/main.c **** 
  50:Core/Src/main.c **** /* Private function prototypes -----------------------------------------------*/
  51:Core/Src/main.c **** void SystemClock_Config(void);
  52:Core/Src/main.c **** static void MX_GPIO_Init(void);
  53:Core/Src/main.c **** 
  54:Core/Src/main.c **** 
  55:Core/Src/main.c **** 
  56:Core/Src/main.c **** /* USER CODE BEGIN PFP */
  57:Core/Src/main.c **** 
  58:Core/Src/main.c **** /* USER CODE END PFP */
  59:Core/Src/main.c **** 
  60:Core/Src/main.c **** /* Private user code ---------------------------------------------------------*/
  61:Core/Src/main.c **** /* USER CODE BEGIN 0 */
  62:Core/Src/main.c **** 
  63:Core/Src/main.c **** /* USER CODE END 0 */
  64:Core/Src/main.c **** 
  65:Core/Src/main.c **** /**
  66:Core/Src/main.c ****   * @brief  The application entry point.
  67:Core/Src/main.c ****   * @retval int
  68:Core/Src/main.c ****   */
  69:Core/Src/main.c **** int main(void)
  70:Core/Src/main.c **** {
  71:Core/Src/main.c **** 
  72:Core/Src/main.c **** 
  73:Core/Src/main.c ****   /* MCU Configuration--------------------------------------------------------*/
  74:Core/Src/main.c **** 
  75:Core/Src/main.c ****   /* Reset of all peripherals, Initializes the Flash interface and the Systick. */
  76:Core/Src/main.c ****   HAL_Init();
  77:Core/Src/main.c **** 
  78:Core/Src/main.c ****   /* USER CODE BEGIN Init */
  79:Core/Src/main.c **** 
  80:Core/Src/main.c ****   /* USER CODE END Init */
  81:Core/Src/main.c **** 
  82:Core/Src/main.c ****   /* Configure the system clock */
  83:Core/Src/main.c ****   SystemClock_Config();
  84:Core/Src/main.c **** 
  85:Core/Src/main.c ****   /* USER CODE BEGIN SysInit */
  86:Core/Src/main.c **** 
  87:Core/Src/main.c ****   /* USER CODE END SysInit */
  88:Core/Src/main.c **** 
ARM GAS  C:\Users\gvela\AppData\Local\Temp\ccQ1LyA5.s 			page 3


  89:Core/Src/main.c ****   /* Initialize all configured peripherals */
  90:Core/Src/main.c ****   MX_GPIO_Init();
  91:Core/Src/main.c ****  // MX_UART4_Init();
  92:Core/Src/main.c ****  // MX_UART5_Init();
  93:Core/Src/main.c ****  // MX_USART1_UART_Init();
  94:Core/Src/main.c ****   /* USER CODE BEGIN 2 */
  95:Core/Src/main.c **** 
  96:Core/Src/main.c ****   uart_init(UART_A);
  97:Core/Src/main.c **** 
  98:Core/Src/main.c ****   /* USER CODE END 2 */
  99:Core/Src/main.c **** 
 100:Core/Src/main.c ****   /* Infinite loop */
 101:Core/Src/main.c ****   /* USER CODE BEGIN WHILE */
 102:Core/Src/main.c ****      uint8_t buffer[1000];
 103:Core/Src/main.c ****   while (1)
 104:Core/Src/main.c ****   {
 105:Core/Src/main.c ****     
 106:Core/Src/main.c ****     #define msg     "hola mundo"
 107:Core/Src/main.c ****    
 108:Core/Src/main.c ****    
 109:Core/Src/main.c ****     uart_write(UART_A,"hola mundo",strlen("hola mundo"),1000);
 110:Core/Src/main.c ****     uart_read(UART_A,buffer,strlen(buffer),1000);
 111:Core/Src/main.c **** 
 112:Core/Src/main.c **** 
 113:Core/Src/main.c ****     /* USER CODE END WHILE */
 114:Core/Src/main.c **** 
 115:Core/Src/main.c ****     /* USER CODE BEGIN 3 */
 116:Core/Src/main.c ****   }
 117:Core/Src/main.c ****   /* USER CODE END 3 */
 118:Core/Src/main.c **** }
 119:Core/Src/main.c **** 
 120:Core/Src/main.c **** /**
 121:Core/Src/main.c ****   * @brief System Clock Configuration
 122:Core/Src/main.c ****   * @retval None
 123:Core/Src/main.c ****   */
 124:Core/Src/main.c **** void SystemClock_Config(void)
 125:Core/Src/main.c **** {
 126:Core/Src/main.c ****   RCC_OscInitTypeDef RCC_OscInitStruct = {0};
 127:Core/Src/main.c ****   RCC_ClkInitTypeDef RCC_ClkInitStruct = {0};
 128:Core/Src/main.c **** 
 129:Core/Src/main.c ****   /** Configure the main internal regulator output voltage
 130:Core/Src/main.c ****   */
 131:Core/Src/main.c ****   __HAL_RCC_PWR_CLK_ENABLE();
 132:Core/Src/main.c ****   __HAL_PWR_VOLTAGESCALING_CONFIG(PWR_REGULATOR_VOLTAGE_SCALE1);
 133:Core/Src/main.c **** 
 134:Core/Src/main.c ****   /** Initializes the RCC Oscillators according to the specified parameters
 135:Core/Src/main.c ****   * in the RCC_OscInitTypeDef structure.
 136:Core/Src/main.c ****   */
 137:Core/Src/main.c ****   RCC_OscInitStruct.OscillatorType = RCC_OSCILLATORTYPE_HSI;
 138:Core/Src/main.c ****   RCC_OscInitStruct.HSIState = RCC_HSI_ON;
 139:Core/Src/main.c ****   RCC_OscInitStruct.HSICalibrationValue = RCC_HSICALIBRATION_DEFAULT;
 140:Core/Src/main.c ****   RCC_OscInitStruct.PLL.PLLState = RCC_PLL_NONE;
 141:Core/Src/main.c ****   if (HAL_RCC_OscConfig(&RCC_OscInitStruct) != HAL_OK)
 142:Core/Src/main.c ****   {
 143:Core/Src/main.c ****     Error_Handler();
 144:Core/Src/main.c ****   }
 145:Core/Src/main.c **** 
ARM GAS  C:\Users\gvela\AppData\Local\Temp\ccQ1LyA5.s 			page 4


 146:Core/Src/main.c ****   /** Initializes the CPU, AHB and APB buses clocks
 147:Core/Src/main.c ****   */
 148:Core/Src/main.c ****   RCC_ClkInitStruct.ClockType = RCC_CLOCKTYPE_HCLK|RCC_CLOCKTYPE_SYSCLK
 149:Core/Src/main.c ****                               |RCC_CLOCKTYPE_PCLK1|RCC_CLOCKTYPE_PCLK2;
 150:Core/Src/main.c ****   RCC_ClkInitStruct.SYSCLKSource = RCC_SYSCLKSOURCE_HSI;
 151:Core/Src/main.c ****   RCC_ClkInitStruct.AHBCLKDivider = RCC_SYSCLK_DIV1;
 152:Core/Src/main.c ****   RCC_ClkInitStruct.APB1CLKDivider = RCC_HCLK_DIV1;
 153:Core/Src/main.c ****   RCC_ClkInitStruct.APB2CLKDivider = RCC_HCLK_DIV1;
 154:Core/Src/main.c **** 
 155:Core/Src/main.c ****   if (HAL_RCC_ClockConfig(&RCC_ClkInitStruct, FLASH_LATENCY_0) != HAL_OK)
 156:Core/Src/main.c ****   {
 157:Core/Src/main.c ****     Error_Handler();
 158:Core/Src/main.c ****   }
 159:Core/Src/main.c **** }
 160:Core/Src/main.c **** 
 161:Core/Src/main.c **** 
 162:Core/Src/main.c **** 
 163:Core/Src/main.c **** 
 164:Core/Src/main.c **** 
 165:Core/Src/main.c **** 
 166:Core/Src/main.c **** /**
 167:Core/Src/main.c ****   * @brief GPIO Initialization Function
 168:Core/Src/main.c ****   * @param None
 169:Core/Src/main.c ****   * @retval None
 170:Core/Src/main.c ****   */
 171:Core/Src/main.c **** static void MX_GPIO_Init(void)
 172:Core/Src/main.c **** {
  28              		.loc 1 172 1 view -0
  29              		.cfi_startproc
  30              		@ args = 0, pretend = 0, frame = 16
  31              		@ frame_needed = 0, uses_anonymous_args = 0
  32              		@ link register save eliminated.
  33 0000 84B0     		sub	sp, sp, #16
  34              	.LCFI0:
  35              		.cfi_def_cfa_offset 16
 173:Core/Src/main.c **** 
 174:Core/Src/main.c ****   /* GPIO Ports Clock Enable */
 175:Core/Src/main.c ****   __HAL_RCC_GPIOA_CLK_ENABLE();
  36              		.loc 1 175 3 view .LVU1
  37              	.LBB4:
  38              		.loc 1 175 3 view .LVU2
  39 0002 0022     		movs	r2, #0
  40 0004 0192     		str	r2, [sp, #4]
  41              		.loc 1 175 3 view .LVU3
  42 0006 104B     		ldr	r3, .L3
  43 0008 196B     		ldr	r1, [r3, #48]
  44 000a 41F00101 		orr	r1, r1, #1
  45 000e 1963     		str	r1, [r3, #48]
  46              		.loc 1 175 3 view .LVU4
  47 0010 196B     		ldr	r1, [r3, #48]
  48 0012 01F00101 		and	r1, r1, #1
  49 0016 0191     		str	r1, [sp, #4]
  50              		.loc 1 175 3 view .LVU5
  51 0018 0199     		ldr	r1, [sp, #4]
  52              	.LBE4:
  53              		.loc 1 175 3 view .LVU6
 176:Core/Src/main.c ****   __HAL_RCC_GPIOC_CLK_ENABLE();
ARM GAS  C:\Users\gvela\AppData\Local\Temp\ccQ1LyA5.s 			page 5


  54              		.loc 1 176 3 view .LVU7
  55              	.LBB5:
  56              		.loc 1 176 3 view .LVU8
  57 001a 0292     		str	r2, [sp, #8]
  58              		.loc 1 176 3 view .LVU9
  59 001c 196B     		ldr	r1, [r3, #48]
  60 001e 41F00401 		orr	r1, r1, #4
  61 0022 1963     		str	r1, [r3, #48]
  62              		.loc 1 176 3 view .LVU10
  63 0024 196B     		ldr	r1, [r3, #48]
  64 0026 01F00401 		and	r1, r1, #4
  65 002a 0291     		str	r1, [sp, #8]
  66              		.loc 1 176 3 view .LVU11
  67 002c 0299     		ldr	r1, [sp, #8]
  68              	.LBE5:
  69              		.loc 1 176 3 view .LVU12
 177:Core/Src/main.c ****   __HAL_RCC_GPIOD_CLK_ENABLE();
  70              		.loc 1 177 3 view .LVU13
  71              	.LBB6:
  72              		.loc 1 177 3 view .LVU14
  73 002e 0392     		str	r2, [sp, #12]
  74              		.loc 1 177 3 view .LVU15
  75 0030 1A6B     		ldr	r2, [r3, #48]
  76 0032 42F00802 		orr	r2, r2, #8
  77 0036 1A63     		str	r2, [r3, #48]
  78              		.loc 1 177 3 view .LVU16
  79 0038 1B6B     		ldr	r3, [r3, #48]
  80 003a 03F00803 		and	r3, r3, #8
  81 003e 0393     		str	r3, [sp, #12]
  82              		.loc 1 177 3 view .LVU17
  83 0040 039B     		ldr	r3, [sp, #12]
  84              	.LBE6:
  85              		.loc 1 177 3 view .LVU18
 178:Core/Src/main.c **** 
 179:Core/Src/main.c **** }
  86              		.loc 1 179 1 is_stmt 0 view .LVU19
  87 0042 04B0     		add	sp, sp, #16
  88              	.LCFI1:
  89              		.cfi_def_cfa_offset 0
  90              		@ sp needed
  91 0044 7047     		bx	lr
  92              	.L4:
  93 0046 00BF     		.align	2
  94              	.L3:
  95 0048 00380240 		.word	1073887232
  96              		.cfi_endproc
  97              	.LFE132:
  99              		.section	.text.Error_Handler,"ax",%progbits
 100              		.align	1
 101              		.global	Error_Handler
 102              		.syntax unified
 103              		.thumb
 104              		.thumb_func
 106              	Error_Handler:
 107              	.LFB133:
 180:Core/Src/main.c **** 
 181:Core/Src/main.c **** /* USER CODE BEGIN 4 */
ARM GAS  C:\Users\gvela\AppData\Local\Temp\ccQ1LyA5.s 			page 6


 182:Core/Src/main.c **** 
 183:Core/Src/main.c **** /* USER CODE END 4 */
 184:Core/Src/main.c **** 
 185:Core/Src/main.c **** /**
 186:Core/Src/main.c ****   * @brief  This function is executed in case of error occurrence.
 187:Core/Src/main.c ****   * @retval None
 188:Core/Src/main.c ****   */
 189:Core/Src/main.c **** void Error_Handler(void)
 190:Core/Src/main.c **** {
 108              		.loc 1 190 1 is_stmt 1 view -0
 109              		.cfi_startproc
 110              		@ Volatile: function does not return.
 111              		@ args = 0, pretend = 0, frame = 0
 112              		@ frame_needed = 0, uses_anonymous_args = 0
 113              		@ link register save eliminated.
 191:Core/Src/main.c ****   /* USER CODE BEGIN Error_Handler_Debug */
 192:Core/Src/main.c ****   /* User can add his own implementation to report the HAL error return state */
 193:Core/Src/main.c ****   __disable_irq();
 114              		.loc 1 193 3 view .LVU21
 115              	.LBB7:
 116              	.LBI7:
 117              		.file 2 "Drivers/CMSIS/Include/cmsis_gcc.h"
   1:Drivers/CMSIS/Include/cmsis_gcc.h **** /**************************************************************************//**
   2:Drivers/CMSIS/Include/cmsis_gcc.h ****  * @file     cmsis_gcc.h
   3:Drivers/CMSIS/Include/cmsis_gcc.h ****  * @brief    CMSIS compiler GCC header file
   4:Drivers/CMSIS/Include/cmsis_gcc.h ****  * @version  V5.0.4
   5:Drivers/CMSIS/Include/cmsis_gcc.h ****  * @date     09. April 2018
   6:Drivers/CMSIS/Include/cmsis_gcc.h ****  ******************************************************************************/
   7:Drivers/CMSIS/Include/cmsis_gcc.h **** /*
   8:Drivers/CMSIS/Include/cmsis_gcc.h ****  * Copyright (c) 2009-2018 Arm Limited. All rights reserved.
   9:Drivers/CMSIS/Include/cmsis_gcc.h ****  *
  10:Drivers/CMSIS/Include/cmsis_gcc.h ****  * SPDX-License-Identifier: Apache-2.0
  11:Drivers/CMSIS/Include/cmsis_gcc.h ****  *
  12:Drivers/CMSIS/Include/cmsis_gcc.h ****  * Licensed under the Apache License, Version 2.0 (the License); you may
  13:Drivers/CMSIS/Include/cmsis_gcc.h ****  * not use this file except in compliance with the License.
  14:Drivers/CMSIS/Include/cmsis_gcc.h ****  * You may obtain a copy of the License at
  15:Drivers/CMSIS/Include/cmsis_gcc.h ****  *
  16:Drivers/CMSIS/Include/cmsis_gcc.h ****  * www.apache.org/licenses/LICENSE-2.0
  17:Drivers/CMSIS/Include/cmsis_gcc.h ****  *
  18:Drivers/CMSIS/Include/cmsis_gcc.h ****  * Unless required by applicable law or agreed to in writing, software
  19:Drivers/CMSIS/Include/cmsis_gcc.h ****  * distributed under the License is distributed on an AS IS BASIS, WITHOUT
  20:Drivers/CMSIS/Include/cmsis_gcc.h ****  * WARRANTIES OR CONDITIONS OF ANY KIND, either express or implied.
  21:Drivers/CMSIS/Include/cmsis_gcc.h ****  * See the License for the specific language governing permissions and
  22:Drivers/CMSIS/Include/cmsis_gcc.h ****  * limitations under the License.
  23:Drivers/CMSIS/Include/cmsis_gcc.h ****  */
  24:Drivers/CMSIS/Include/cmsis_gcc.h **** 
  25:Drivers/CMSIS/Include/cmsis_gcc.h **** #ifndef __CMSIS_GCC_H
  26:Drivers/CMSIS/Include/cmsis_gcc.h **** #define __CMSIS_GCC_H
  27:Drivers/CMSIS/Include/cmsis_gcc.h **** 
  28:Drivers/CMSIS/Include/cmsis_gcc.h **** /* ignore some GCC warnings */
  29:Drivers/CMSIS/Include/cmsis_gcc.h **** #pragma GCC diagnostic push
  30:Drivers/CMSIS/Include/cmsis_gcc.h **** #pragma GCC diagnostic ignored "-Wsign-conversion"
  31:Drivers/CMSIS/Include/cmsis_gcc.h **** #pragma GCC diagnostic ignored "-Wconversion"
  32:Drivers/CMSIS/Include/cmsis_gcc.h **** #pragma GCC diagnostic ignored "-Wunused-parameter"
  33:Drivers/CMSIS/Include/cmsis_gcc.h **** 
  34:Drivers/CMSIS/Include/cmsis_gcc.h **** /* Fallback for __has_builtin */
  35:Drivers/CMSIS/Include/cmsis_gcc.h **** #ifndef __has_builtin
ARM GAS  C:\Users\gvela\AppData\Local\Temp\ccQ1LyA5.s 			page 7


  36:Drivers/CMSIS/Include/cmsis_gcc.h ****   #define __has_builtin(x) (0)
  37:Drivers/CMSIS/Include/cmsis_gcc.h **** #endif
  38:Drivers/CMSIS/Include/cmsis_gcc.h **** 
  39:Drivers/CMSIS/Include/cmsis_gcc.h **** /* CMSIS compiler specific defines */
  40:Drivers/CMSIS/Include/cmsis_gcc.h **** #ifndef   __ASM
  41:Drivers/CMSIS/Include/cmsis_gcc.h ****   #define __ASM                                  __asm
  42:Drivers/CMSIS/Include/cmsis_gcc.h **** #endif
  43:Drivers/CMSIS/Include/cmsis_gcc.h **** #ifndef   __INLINE
  44:Drivers/CMSIS/Include/cmsis_gcc.h ****   #define __INLINE                               inline
  45:Drivers/CMSIS/Include/cmsis_gcc.h **** #endif
  46:Drivers/CMSIS/Include/cmsis_gcc.h **** #ifndef   __STATIC_INLINE
  47:Drivers/CMSIS/Include/cmsis_gcc.h ****   #define __STATIC_INLINE                        static inline
  48:Drivers/CMSIS/Include/cmsis_gcc.h **** #endif
  49:Drivers/CMSIS/Include/cmsis_gcc.h **** #ifndef   __STATIC_FORCEINLINE                 
  50:Drivers/CMSIS/Include/cmsis_gcc.h ****   #define __STATIC_FORCEINLINE                   __attribute__((always_inline)) static inline
  51:Drivers/CMSIS/Include/cmsis_gcc.h **** #endif                                           
  52:Drivers/CMSIS/Include/cmsis_gcc.h **** #ifndef   __NO_RETURN
  53:Drivers/CMSIS/Include/cmsis_gcc.h ****   #define __NO_RETURN                            __attribute__((__noreturn__))
  54:Drivers/CMSIS/Include/cmsis_gcc.h **** #endif
  55:Drivers/CMSIS/Include/cmsis_gcc.h **** #ifndef   __USED
  56:Drivers/CMSIS/Include/cmsis_gcc.h ****   #define __USED                                 __attribute__((used))
  57:Drivers/CMSIS/Include/cmsis_gcc.h **** #endif
  58:Drivers/CMSIS/Include/cmsis_gcc.h **** #ifndef   __WEAK
  59:Drivers/CMSIS/Include/cmsis_gcc.h ****   #define __WEAK                                 __attribute__((weak))
  60:Drivers/CMSIS/Include/cmsis_gcc.h **** #endif
  61:Drivers/CMSIS/Include/cmsis_gcc.h **** #ifndef   __PACKED
  62:Drivers/CMSIS/Include/cmsis_gcc.h ****   #define __PACKED                               __attribute__((packed, aligned(1)))
  63:Drivers/CMSIS/Include/cmsis_gcc.h **** #endif
  64:Drivers/CMSIS/Include/cmsis_gcc.h **** #ifndef   __PACKED_STRUCT
  65:Drivers/CMSIS/Include/cmsis_gcc.h ****   #define __PACKED_STRUCT                        struct __attribute__((packed, aligned(1)))
  66:Drivers/CMSIS/Include/cmsis_gcc.h **** #endif
  67:Drivers/CMSIS/Include/cmsis_gcc.h **** #ifndef   __PACKED_UNION
  68:Drivers/CMSIS/Include/cmsis_gcc.h ****   #define __PACKED_UNION                         union __attribute__((packed, aligned(1)))
  69:Drivers/CMSIS/Include/cmsis_gcc.h **** #endif
  70:Drivers/CMSIS/Include/cmsis_gcc.h **** #ifndef   __UNALIGNED_UINT32        /* deprecated */
  71:Drivers/CMSIS/Include/cmsis_gcc.h ****   #pragma GCC diagnostic push
  72:Drivers/CMSIS/Include/cmsis_gcc.h ****   #pragma GCC diagnostic ignored "-Wpacked"
  73:Drivers/CMSIS/Include/cmsis_gcc.h ****   #pragma GCC diagnostic ignored "-Wattributes"
  74:Drivers/CMSIS/Include/cmsis_gcc.h ****   struct __attribute__((packed)) T_UINT32 { uint32_t v; };
  75:Drivers/CMSIS/Include/cmsis_gcc.h ****   #pragma GCC diagnostic pop
  76:Drivers/CMSIS/Include/cmsis_gcc.h ****   #define __UNALIGNED_UINT32(x)                  (((struct T_UINT32 *)(x))->v)
  77:Drivers/CMSIS/Include/cmsis_gcc.h **** #endif
  78:Drivers/CMSIS/Include/cmsis_gcc.h **** #ifndef   __UNALIGNED_UINT16_WRITE
  79:Drivers/CMSIS/Include/cmsis_gcc.h ****   #pragma GCC diagnostic push
  80:Drivers/CMSIS/Include/cmsis_gcc.h ****   #pragma GCC diagnostic ignored "-Wpacked"
  81:Drivers/CMSIS/Include/cmsis_gcc.h ****   #pragma GCC diagnostic ignored "-Wattributes"
  82:Drivers/CMSIS/Include/cmsis_gcc.h ****   __PACKED_STRUCT T_UINT16_WRITE { uint16_t v; };
  83:Drivers/CMSIS/Include/cmsis_gcc.h ****   #pragma GCC diagnostic pop
  84:Drivers/CMSIS/Include/cmsis_gcc.h ****   #define __UNALIGNED_UINT16_WRITE(addr, val)    (void)((((struct T_UINT16_WRITE *)(void *)(addr))-
  85:Drivers/CMSIS/Include/cmsis_gcc.h **** #endif
  86:Drivers/CMSIS/Include/cmsis_gcc.h **** #ifndef   __UNALIGNED_UINT16_READ
  87:Drivers/CMSIS/Include/cmsis_gcc.h ****   #pragma GCC diagnostic push
  88:Drivers/CMSIS/Include/cmsis_gcc.h ****   #pragma GCC diagnostic ignored "-Wpacked"
  89:Drivers/CMSIS/Include/cmsis_gcc.h ****   #pragma GCC diagnostic ignored "-Wattributes"
  90:Drivers/CMSIS/Include/cmsis_gcc.h ****   __PACKED_STRUCT T_UINT16_READ { uint16_t v; };
  91:Drivers/CMSIS/Include/cmsis_gcc.h ****   #pragma GCC diagnostic pop
  92:Drivers/CMSIS/Include/cmsis_gcc.h ****   #define __UNALIGNED_UINT16_READ(addr)          (((const struct T_UINT16_READ *)(const void *)(add
ARM GAS  C:\Users\gvela\AppData\Local\Temp\ccQ1LyA5.s 			page 8


  93:Drivers/CMSIS/Include/cmsis_gcc.h **** #endif
  94:Drivers/CMSIS/Include/cmsis_gcc.h **** #ifndef   __UNALIGNED_UINT32_WRITE
  95:Drivers/CMSIS/Include/cmsis_gcc.h ****   #pragma GCC diagnostic push
  96:Drivers/CMSIS/Include/cmsis_gcc.h ****   #pragma GCC diagnostic ignored "-Wpacked"
  97:Drivers/CMSIS/Include/cmsis_gcc.h ****   #pragma GCC diagnostic ignored "-Wattributes"
  98:Drivers/CMSIS/Include/cmsis_gcc.h ****   __PACKED_STRUCT T_UINT32_WRITE { uint32_t v; };
  99:Drivers/CMSIS/Include/cmsis_gcc.h ****   #pragma GCC diagnostic pop
 100:Drivers/CMSIS/Include/cmsis_gcc.h ****   #define __UNALIGNED_UINT32_WRITE(addr, val)    (void)((((struct T_UINT32_WRITE *)(void *)(addr))-
 101:Drivers/CMSIS/Include/cmsis_gcc.h **** #endif
 102:Drivers/CMSIS/Include/cmsis_gcc.h **** #ifndef   __UNALIGNED_UINT32_READ
 103:Drivers/CMSIS/Include/cmsis_gcc.h ****   #pragma GCC diagnostic push
 104:Drivers/CMSIS/Include/cmsis_gcc.h ****   #pragma GCC diagnostic ignored "-Wpacked"
 105:Drivers/CMSIS/Include/cmsis_gcc.h ****   #pragma GCC diagnostic ignored "-Wattributes"
 106:Drivers/CMSIS/Include/cmsis_gcc.h ****   __PACKED_STRUCT T_UINT32_READ { uint32_t v; };
 107:Drivers/CMSIS/Include/cmsis_gcc.h ****   #pragma GCC diagnostic pop
 108:Drivers/CMSIS/Include/cmsis_gcc.h ****   #define __UNALIGNED_UINT32_READ(addr)          (((const struct T_UINT32_READ *)(const void *)(add
 109:Drivers/CMSIS/Include/cmsis_gcc.h **** #endif
 110:Drivers/CMSIS/Include/cmsis_gcc.h **** #ifndef   __ALIGNED
 111:Drivers/CMSIS/Include/cmsis_gcc.h ****   #define __ALIGNED(x)                           __attribute__((aligned(x)))
 112:Drivers/CMSIS/Include/cmsis_gcc.h **** #endif
 113:Drivers/CMSIS/Include/cmsis_gcc.h **** #ifndef   __RESTRICT
 114:Drivers/CMSIS/Include/cmsis_gcc.h ****   #define __RESTRICT                             __restrict
 115:Drivers/CMSIS/Include/cmsis_gcc.h **** #endif
 116:Drivers/CMSIS/Include/cmsis_gcc.h **** 
 117:Drivers/CMSIS/Include/cmsis_gcc.h **** 
 118:Drivers/CMSIS/Include/cmsis_gcc.h **** /* ###########################  Core Function Access  ########################### */
 119:Drivers/CMSIS/Include/cmsis_gcc.h **** /** \ingroup  CMSIS_Core_FunctionInterface
 120:Drivers/CMSIS/Include/cmsis_gcc.h ****     \defgroup CMSIS_Core_RegAccFunctions CMSIS Core Register Access Functions
 121:Drivers/CMSIS/Include/cmsis_gcc.h ****   @{
 122:Drivers/CMSIS/Include/cmsis_gcc.h ****  */
 123:Drivers/CMSIS/Include/cmsis_gcc.h **** 
 124:Drivers/CMSIS/Include/cmsis_gcc.h **** /**
 125:Drivers/CMSIS/Include/cmsis_gcc.h ****   \brief   Enable IRQ Interrupts
 126:Drivers/CMSIS/Include/cmsis_gcc.h ****   \details Enables IRQ interrupts by clearing the I-bit in the CPSR.
 127:Drivers/CMSIS/Include/cmsis_gcc.h ****            Can only be executed in Privileged modes.
 128:Drivers/CMSIS/Include/cmsis_gcc.h ****  */
 129:Drivers/CMSIS/Include/cmsis_gcc.h **** __STATIC_FORCEINLINE void __enable_irq(void)
 130:Drivers/CMSIS/Include/cmsis_gcc.h **** {
 131:Drivers/CMSIS/Include/cmsis_gcc.h ****   __ASM volatile ("cpsie i" : : : "memory");
 132:Drivers/CMSIS/Include/cmsis_gcc.h **** }
 133:Drivers/CMSIS/Include/cmsis_gcc.h **** 
 134:Drivers/CMSIS/Include/cmsis_gcc.h **** 
 135:Drivers/CMSIS/Include/cmsis_gcc.h **** /**
 136:Drivers/CMSIS/Include/cmsis_gcc.h ****   \brief   Disable IRQ Interrupts
 137:Drivers/CMSIS/Include/cmsis_gcc.h ****   \details Disables IRQ interrupts by setting the I-bit in the CPSR.
 138:Drivers/CMSIS/Include/cmsis_gcc.h ****            Can only be executed in Privileged modes.
 139:Drivers/CMSIS/Include/cmsis_gcc.h ****  */
 140:Drivers/CMSIS/Include/cmsis_gcc.h **** __STATIC_FORCEINLINE void __disable_irq(void)
 118              		.loc 2 140 27 view .LVU22
 119              	.LBB8:
 141:Drivers/CMSIS/Include/cmsis_gcc.h **** {
 142:Drivers/CMSIS/Include/cmsis_gcc.h ****   __ASM volatile ("cpsid i" : : : "memory");
 120              		.loc 2 142 3 view .LVU23
 121              		.syntax unified
 122              	@ 142 "Drivers/CMSIS/Include/cmsis_gcc.h" 1
 123 0000 72B6     		cpsid i
 124              	@ 0 "" 2
ARM GAS  C:\Users\gvela\AppData\Local\Temp\ccQ1LyA5.s 			page 9


 125              		.thumb
 126              		.syntax unified
 127              	.L6:
 128              	.LBE8:
 129              	.LBE7:
 194:Core/Src/main.c ****   while (1)
 130              		.loc 1 194 3 discriminator 1 view .LVU24
 195:Core/Src/main.c ****   {
 196:Core/Src/main.c ****   }
 131              		.loc 1 196 3 discriminator 1 view .LVU25
 194:Core/Src/main.c ****   while (1)
 132              		.loc 1 194 9 discriminator 1 view .LVU26
 133 0002 FEE7     		b	.L6
 134              		.cfi_endproc
 135              	.LFE133:
 137              		.section	.text.SystemClock_Config,"ax",%progbits
 138              		.align	1
 139              		.global	SystemClock_Config
 140              		.syntax unified
 141              		.thumb
 142              		.thumb_func
 144              	SystemClock_Config:
 145              	.LFB131:
 125:Core/Src/main.c ****   RCC_OscInitTypeDef RCC_OscInitStruct = {0};
 146              		.loc 1 125 1 view -0
 147              		.cfi_startproc
 148              		@ args = 0, pretend = 0, frame = 80
 149              		@ frame_needed = 0, uses_anonymous_args = 0
 150 0000 00B5     		push	{lr}
 151              	.LCFI2:
 152              		.cfi_def_cfa_offset 4
 153              		.cfi_offset 14, -4
 154 0002 95B0     		sub	sp, sp, #84
 155              	.LCFI3:
 156              		.cfi_def_cfa_offset 88
 126:Core/Src/main.c ****   RCC_ClkInitTypeDef RCC_ClkInitStruct = {0};
 157              		.loc 1 126 3 view .LVU28
 126:Core/Src/main.c ****   RCC_ClkInitTypeDef RCC_ClkInitStruct = {0};
 158              		.loc 1 126 22 is_stmt 0 view .LVU29
 159 0004 3022     		movs	r2, #48
 160 0006 0021     		movs	r1, #0
 161 0008 08A8     		add	r0, sp, #32
 162 000a FFF7FEFF 		bl	memset
 163              	.LVL0:
 127:Core/Src/main.c **** 
 164              		.loc 1 127 3 is_stmt 1 view .LVU30
 127:Core/Src/main.c **** 
 165              		.loc 1 127 22 is_stmt 0 view .LVU31
 166 000e 0023     		movs	r3, #0
 167 0010 0393     		str	r3, [sp, #12]
 168 0012 0493     		str	r3, [sp, #16]
 169 0014 0593     		str	r3, [sp, #20]
 170 0016 0693     		str	r3, [sp, #24]
 171 0018 0793     		str	r3, [sp, #28]
 131:Core/Src/main.c ****   __HAL_PWR_VOLTAGESCALING_CONFIG(PWR_REGULATOR_VOLTAGE_SCALE1);
 172              		.loc 1 131 3 is_stmt 1 view .LVU32
 173              	.LBB9:
ARM GAS  C:\Users\gvela\AppData\Local\Temp\ccQ1LyA5.s 			page 10


 131:Core/Src/main.c ****   __HAL_PWR_VOLTAGESCALING_CONFIG(PWR_REGULATOR_VOLTAGE_SCALE1);
 174              		.loc 1 131 3 view .LVU33
 175 001a 0193     		str	r3, [sp, #4]
 131:Core/Src/main.c ****   __HAL_PWR_VOLTAGESCALING_CONFIG(PWR_REGULATOR_VOLTAGE_SCALE1);
 176              		.loc 1 131 3 view .LVU34
 177 001c 184A     		ldr	r2, .L13
 178 001e 116C     		ldr	r1, [r2, #64]
 179 0020 41F08051 		orr	r1, r1, #268435456
 180 0024 1164     		str	r1, [r2, #64]
 131:Core/Src/main.c ****   __HAL_PWR_VOLTAGESCALING_CONFIG(PWR_REGULATOR_VOLTAGE_SCALE1);
 181              		.loc 1 131 3 view .LVU35
 182 0026 126C     		ldr	r2, [r2, #64]
 183 0028 02F08052 		and	r2, r2, #268435456
 184 002c 0192     		str	r2, [sp, #4]
 131:Core/Src/main.c ****   __HAL_PWR_VOLTAGESCALING_CONFIG(PWR_REGULATOR_VOLTAGE_SCALE1);
 185              		.loc 1 131 3 view .LVU36
 186 002e 019A     		ldr	r2, [sp, #4]
 187              	.LBE9:
 131:Core/Src/main.c ****   __HAL_PWR_VOLTAGESCALING_CONFIG(PWR_REGULATOR_VOLTAGE_SCALE1);
 188              		.loc 1 131 3 view .LVU37
 132:Core/Src/main.c **** 
 189              		.loc 1 132 3 view .LVU38
 190              	.LBB10:
 132:Core/Src/main.c **** 
 191              		.loc 1 132 3 view .LVU39
 192 0030 0293     		str	r3, [sp, #8]
 132:Core/Src/main.c **** 
 193              		.loc 1 132 3 view .LVU40
 194 0032 144A     		ldr	r2, .L13+4
 195 0034 1168     		ldr	r1, [r2]
 196 0036 41F48041 		orr	r1, r1, #16384
 197 003a 1160     		str	r1, [r2]
 132:Core/Src/main.c **** 
 198              		.loc 1 132 3 view .LVU41
 199 003c 1268     		ldr	r2, [r2]
 200 003e 02F48042 		and	r2, r2, #16384
 201 0042 0292     		str	r2, [sp, #8]
 132:Core/Src/main.c **** 
 202              		.loc 1 132 3 view .LVU42
 203 0044 029A     		ldr	r2, [sp, #8]
 204              	.LBE10:
 132:Core/Src/main.c **** 
 205              		.loc 1 132 3 view .LVU43
 137:Core/Src/main.c ****   RCC_OscInitStruct.HSIState = RCC_HSI_ON;
 206              		.loc 1 137 3 view .LVU44
 137:Core/Src/main.c ****   RCC_OscInitStruct.HSIState = RCC_HSI_ON;
 207              		.loc 1 137 36 is_stmt 0 view .LVU45
 208 0046 0222     		movs	r2, #2
 209 0048 0892     		str	r2, [sp, #32]
 138:Core/Src/main.c ****   RCC_OscInitStruct.HSICalibrationValue = RCC_HSICALIBRATION_DEFAULT;
 210              		.loc 1 138 3 is_stmt 1 view .LVU46
 138:Core/Src/main.c ****   RCC_OscInitStruct.HSICalibrationValue = RCC_HSICALIBRATION_DEFAULT;
 211              		.loc 1 138 30 is_stmt 0 view .LVU47
 212 004a 0122     		movs	r2, #1
 213 004c 0B92     		str	r2, [sp, #44]
 139:Core/Src/main.c ****   RCC_OscInitStruct.PLL.PLLState = RCC_PLL_NONE;
 214              		.loc 1 139 3 is_stmt 1 view .LVU48
ARM GAS  C:\Users\gvela\AppData\Local\Temp\ccQ1LyA5.s 			page 11


 139:Core/Src/main.c ****   RCC_OscInitStruct.PLL.PLLState = RCC_PLL_NONE;
 215              		.loc 1 139 41 is_stmt 0 view .LVU49
 216 004e 1022     		movs	r2, #16
 217 0050 0C92     		str	r2, [sp, #48]
 140:Core/Src/main.c ****   if (HAL_RCC_OscConfig(&RCC_OscInitStruct) != HAL_OK)
 218              		.loc 1 140 3 is_stmt 1 view .LVU50
 140:Core/Src/main.c ****   if (HAL_RCC_OscConfig(&RCC_OscInitStruct) != HAL_OK)
 219              		.loc 1 140 34 is_stmt 0 view .LVU51
 220 0052 0E93     		str	r3, [sp, #56]
 141:Core/Src/main.c ****   {
 221              		.loc 1 141 3 is_stmt 1 view .LVU52
 141:Core/Src/main.c ****   {
 222              		.loc 1 141 7 is_stmt 0 view .LVU53
 223 0054 08A8     		add	r0, sp, #32
 224 0056 FFF7FEFF 		bl	HAL_RCC_OscConfig
 225              	.LVL1:
 141:Core/Src/main.c ****   {
 226              		.loc 1 141 6 view .LVU54
 227 005a 68B9     		cbnz	r0, .L11
 148:Core/Src/main.c ****                               |RCC_CLOCKTYPE_PCLK1|RCC_CLOCKTYPE_PCLK2;
 228              		.loc 1 148 3 is_stmt 1 view .LVU55
 148:Core/Src/main.c ****                               |RCC_CLOCKTYPE_PCLK1|RCC_CLOCKTYPE_PCLK2;
 229              		.loc 1 148 31 is_stmt 0 view .LVU56
 230 005c 0F23     		movs	r3, #15
 231 005e 0393     		str	r3, [sp, #12]
 150:Core/Src/main.c ****   RCC_ClkInitStruct.AHBCLKDivider = RCC_SYSCLK_DIV1;
 232              		.loc 1 150 3 is_stmt 1 view .LVU57
 150:Core/Src/main.c ****   RCC_ClkInitStruct.AHBCLKDivider = RCC_SYSCLK_DIV1;
 233              		.loc 1 150 34 is_stmt 0 view .LVU58
 234 0060 0021     		movs	r1, #0
 235 0062 0491     		str	r1, [sp, #16]
 151:Core/Src/main.c ****   RCC_ClkInitStruct.APB1CLKDivider = RCC_HCLK_DIV1;
 236              		.loc 1 151 3 is_stmt 1 view .LVU59
 151:Core/Src/main.c ****   RCC_ClkInitStruct.APB1CLKDivider = RCC_HCLK_DIV1;
 237              		.loc 1 151 35 is_stmt 0 view .LVU60
 238 0064 0591     		str	r1, [sp, #20]
 152:Core/Src/main.c ****   RCC_ClkInitStruct.APB2CLKDivider = RCC_HCLK_DIV1;
 239              		.loc 1 152 3 is_stmt 1 view .LVU61
 152:Core/Src/main.c ****   RCC_ClkInitStruct.APB2CLKDivider = RCC_HCLK_DIV1;
 240              		.loc 1 152 36 is_stmt 0 view .LVU62
 241 0066 0691     		str	r1, [sp, #24]
 153:Core/Src/main.c **** 
 242              		.loc 1 153 3 is_stmt 1 view .LVU63
 153:Core/Src/main.c **** 
 243              		.loc 1 153 36 is_stmt 0 view .LVU64
 244 0068 0791     		str	r1, [sp, #28]
 155:Core/Src/main.c ****   {
 245              		.loc 1 155 3 is_stmt 1 view .LVU65
 155:Core/Src/main.c ****   {
 246              		.loc 1 155 7 is_stmt 0 view .LVU66
 247 006a 03A8     		add	r0, sp, #12
 248 006c FFF7FEFF 		bl	HAL_RCC_ClockConfig
 249              	.LVL2:
 155:Core/Src/main.c ****   {
 250              		.loc 1 155 6 view .LVU67
 251 0070 20B9     		cbnz	r0, .L12
 159:Core/Src/main.c **** 
ARM GAS  C:\Users\gvela\AppData\Local\Temp\ccQ1LyA5.s 			page 12


 252              		.loc 1 159 1 view .LVU68
 253 0072 15B0     		add	sp, sp, #84
 254              	.LCFI4:
 255              		.cfi_remember_state
 256              		.cfi_def_cfa_offset 4
 257              		@ sp needed
 258 0074 5DF804FB 		ldr	pc, [sp], #4
 259              	.L11:
 260              	.LCFI5:
 261              		.cfi_restore_state
 143:Core/Src/main.c ****   }
 262              		.loc 1 143 5 is_stmt 1 view .LVU69
 263 0078 FFF7FEFF 		bl	Error_Handler
 264              	.LVL3:
 265              	.L12:
 157:Core/Src/main.c ****   }
 266              		.loc 1 157 5 view .LVU70
 267 007c FFF7FEFF 		bl	Error_Handler
 268              	.LVL4:
 269              	.L14:
 270              		.align	2
 271              	.L13:
 272 0080 00380240 		.word	1073887232
 273 0084 00700040 		.word	1073770496
 274              		.cfi_endproc
 275              	.LFE131:
 277              		.section	.rodata.main.str1.4,"aMS",%progbits,1
 278              		.align	2
 279              	.LC0:
 280 0000 686F6C61 		.ascii	"hola mundo\000"
 280      206D756E 
 280      646F00
 281              		.section	.text.main,"ax",%progbits
 282              		.align	1
 283              		.global	main
 284              		.syntax unified
 285              		.thumb
 286              		.thumb_func
 288              	main:
 289              	.LFB130:
  70:Core/Src/main.c **** 
 290              		.loc 1 70 1 view -0
 291              		.cfi_startproc
 292              		@ Volatile: function does not return.
 293              		@ args = 0, pretend = 0, frame = 1000
 294              		@ frame_needed = 0, uses_anonymous_args = 0
 295 0000 00B5     		push	{lr}
 296              	.LCFI6:
 297              		.cfi_def_cfa_offset 4
 298              		.cfi_offset 14, -4
 299 0002 ADF57B7D 		sub	sp, sp, #1004
 300              	.LCFI7:
 301              		.cfi_def_cfa_offset 1008
  76:Core/Src/main.c **** 
 302              		.loc 1 76 3 view .LVU72
 303 0006 FFF7FEFF 		bl	HAL_Init
 304              	.LVL5:
ARM GAS  C:\Users\gvela\AppData\Local\Temp\ccQ1LyA5.s 			page 13


  83:Core/Src/main.c **** 
 305              		.loc 1 83 3 view .LVU73
 306 000a FFF7FEFF 		bl	SystemClock_Config
 307              	.LVL6:
  90:Core/Src/main.c ****  // MX_UART4_Init();
 308              		.loc 1 90 3 view .LVU74
 309 000e FFF7FEFF 		bl	MX_GPIO_Init
 310              	.LVL7:
  96:Core/Src/main.c **** 
 311              		.loc 1 96 3 view .LVU75
 312 0012 0020     		movs	r0, #0
 313 0014 FFF7FEFF 		bl	uart_init
 314              	.LVL8:
 315              	.L16:
 102:Core/Src/main.c ****   while (1)
 316              		.loc 1 102 6 discriminator 1 view .LVU76
 103:Core/Src/main.c ****   {
 317              		.loc 1 103 3 discriminator 1 view .LVU77
 109:Core/Src/main.c ****     uart_read(UART_A,buffer,strlen(buffer),1000);
 318              		.loc 1 109 5 discriminator 1 view .LVU78
 319 0018 4FF47A73 		mov	r3, #1000
 320 001c 0A22     		movs	r2, #10
 321 001e 0749     		ldr	r1, .L18
 322 0020 0020     		movs	r0, #0
 323 0022 FFF7FEFF 		bl	uart_write
 324              	.LVL9:
 110:Core/Src/main.c **** 
 325              		.loc 1 110 5 discriminator 1 view .LVU79
 110:Core/Src/main.c **** 
 326              		.loc 1 110 29 is_stmt 0 discriminator 1 view .LVU80
 327 0026 6846     		mov	r0, sp
 328 0028 FFF7FEFF 		bl	strlen
 329              	.LVL10:
 110:Core/Src/main.c **** 
 330              		.loc 1 110 5 discriminator 1 view .LVU81
 331 002c 4FF47A73 		mov	r3, #1000
 332 0030 82B2     		uxth	r2, r0
 333 0032 6946     		mov	r1, sp
 334 0034 0020     		movs	r0, #0
 335 0036 FFF7FEFF 		bl	uart_read
 336              	.LVL11:
 103:Core/Src/main.c ****   {
 337              		.loc 1 103 9 is_stmt 1 discriminator 1 view .LVU82
 338 003a EDE7     		b	.L16
 339              	.L19:
 340              		.align	2
 341              	.L18:
 342 003c 00000000 		.word	.LC0
 343              		.cfi_endproc
 344              	.LFE130:
 346              		.text
 347              	.Letext0:
 348              		.file 3 "c:\\program files (x86)\\gnu arm embedded toolchain\\10 2021.10\\arm-none-eabi\\include\\
 349              		.file 4 "c:\\program files (x86)\\gnu arm embedded toolchain\\10 2021.10\\arm-none-eabi\\include\\
 350              		.file 5 "Drivers/CMSIS/Device/ST/STM32F4xx/Include/stm32f407xx.h"
 351              		.file 6 "Drivers/STM32F4xx_HAL_Driver/Inc/stm32f4xx_hal_rcc_ex.h"
 352              		.file 7 "Drivers/STM32F4xx_HAL_Driver/Inc/stm32f4xx_hal_rcc.h"
ARM GAS  C:\Users\gvela\AppData\Local\Temp\ccQ1LyA5.s 			page 14


 353              		.file 8 "Drivers/STM32F4xx_HAL_Driver/Inc/stm32f4xx_hal_def.h"
 354              		.file 9 "Core/Inc/core.h"
 355              		.file 10 "Drivers/STM32F4xx_HAL_Driver/Inc/stm32f4xx_hal.h"
 356              		.file 11 "Core/Inc/uart.h"
 357              		.file 12 "c:\\program files (x86)\\gnu arm embedded toolchain\\10 2021.10\\arm-none-eabi\\include\
 358              		.file 13 "<built-in>"
ARM GAS  C:\Users\gvela\AppData\Local\Temp\ccQ1LyA5.s 			page 15


DEFINED SYMBOLS
                            *ABS*:00000000 main.c
C:\Users\gvela\AppData\Local\Temp\ccQ1LyA5.s:20     .text.MX_GPIO_Init:00000000 $t
C:\Users\gvela\AppData\Local\Temp\ccQ1LyA5.s:25     .text.MX_GPIO_Init:00000000 MX_GPIO_Init
C:\Users\gvela\AppData\Local\Temp\ccQ1LyA5.s:95     .text.MX_GPIO_Init:00000048 $d
C:\Users\gvela\AppData\Local\Temp\ccQ1LyA5.s:100    .text.Error_Handler:00000000 $t
C:\Users\gvela\AppData\Local\Temp\ccQ1LyA5.s:106    .text.Error_Handler:00000000 Error_Handler
C:\Users\gvela\AppData\Local\Temp\ccQ1LyA5.s:138    .text.SystemClock_Config:00000000 $t
C:\Users\gvela\AppData\Local\Temp\ccQ1LyA5.s:144    .text.SystemClock_Config:00000000 SystemClock_Config
C:\Users\gvela\AppData\Local\Temp\ccQ1LyA5.s:272    .text.SystemClock_Config:00000080 $d
C:\Users\gvela\AppData\Local\Temp\ccQ1LyA5.s:278    .rodata.main.str1.4:00000000 $d
C:\Users\gvela\AppData\Local\Temp\ccQ1LyA5.s:282    .text.main:00000000 $t
C:\Users\gvela\AppData\Local\Temp\ccQ1LyA5.s:288    .text.main:00000000 main
C:\Users\gvela\AppData\Local\Temp\ccQ1LyA5.s:342    .text.main:0000003c $d

UNDEFINED SYMBOLS
memset
HAL_RCC_OscConfig
HAL_RCC_ClockConfig
HAL_Init
uart_init
uart_write
strlen
uart_read
